<?xml version="1.0" encoding="UTF-8"?>
<!-- Generated by org.testng.reporters.JUnitReportReporter -->
<testsuite skipped="2" hostname="DESKTOP-P9O646S" name="testngdemo.NewTest2" tests="9" failures="0" timestamp="04 Jan 2019 07:28:08 GMT" time="0.298" errors="0">
  <testcase name="testMethod6" time="0.005" classname="testngdemo.NewTest2"/>
  <testcase name="testMethod3" time="0.254" classname="testngdemo.NewTest2"/>
  <testcase name="testMethod5" time="0.006" classname="testngdemo.NewTest2"/>
  <testcase name="testMethod7" time="0.004" classname="testngdemo.NewTest2"/>
  <testcase name="testMethod6" time="0.010" classname="testngdemo.NewTest2"/>
  <testcase name="testMethod5" time="0.003" classname="testngdemo.NewTest2"/>
  <testcase name="testMethod7" time="0.016" classname="testngdemo.NewTest2"/>
  <testcase name="testMethod4" classname="testngdemo.NewTest2">
    <skipped/>
  </testcase> <!-- testMethod4 -->
  <testcase name="testMethod4" classname="testngdemo.NewTest2">
    <skipped/>
  </testcase> <!-- testMethod4 -->
</testsuite> <!-- testngdemo.NewTest2 -->
