<?xml version="1.0" encoding="UTF-8"?>
<!-- Generated by org.testng.reporters.JUnitReportReporter -->
<testsuite skipped="2" hostname="DESKTOP-P9O646S" name="testngdemo.NewTest2" tests="7" failures="0" timestamp="26 Dec 2018 02:42:22 GMT" time="0.252" errors="0">
  <testcase name="testMethod6" time="0.000" classname="testngdemo.NewTest2"/>
  <testcase name="testMethod5" time="0.016" classname="testngdemo.NewTest2"/>
  <testcase name="testMethod5" time="0.000" classname="testngdemo.NewTest2"/>
  <testcase name="testMethod3" time="0.232" classname="testngdemo.NewTest2"/>
  <testcase name="testMethod6" time="0.004" classname="testngdemo.NewTest2"/>
  <testcase name="testMethod4" classname="testngdemo.NewTest2">
    <skipped/>
  </testcase> <!-- testMethod4 -->
  <testcase name="testMethod4" classname="testngdemo.NewTest2">
    <skipped/>
  </testcase> <!-- testMethod4 -->
</testsuite> <!-- testngdemo.NewTest2 -->
