<?xml version="1.0" encoding="UTF-8"?>
<!-- Generated by org.testng.reporters.JUnitReportReporter -->
<testsuite skipped="0" hostname="DESKTOP-P9O646S" name="testngdemo.NewTest1" tests="6" failures="0" timestamp="26 Dec 2018 02:42:22 GMT" time="0.053" errors="0">
  <testcase name="testMethod3" time="0.002" classname="testngdemo.NewTest1"/>
  <testcase name="testMethod5" time="0.000" classname="testngdemo.NewTest1"/>
  <testcase name="testMethod4" time="0.000" classname="testngdemo.NewTest1"/>
  <testcase name="testMethod5" time="0.004" classname="testngdemo.NewTest1"/>
  <testcase name="testMethod4" time="0.047" classname="testngdemo.NewTest1"/>
  <testcase name="testMethod6" time="0.000" classname="testngdemo.NewTest1"/>
</testsuite> <!-- testngdemo.NewTest1 -->
