<?xml version="1.0" encoding="UTF-8"?>
<!-- Generated by org.testng.reporters.JUnitReportReporter -->
<testsuite skipped="0" hostname="DESKTOP-P9O646S" name="testngdemo.DataProviderDemo" tests="2" failures="0" timestamp="26 Dec 2018 05:24:58 GMT" time="0.047" errors="0">
  <testcase name="testMethod" time="0.042" classname="testngdemo.DataProviderDemo"/>
  <testcase name="testMethod" time="0.005" classname="testngdemo.DataProviderDemo"/>
</testsuite> <!-- testngdemo.DataProviderDemo -->
