<?xml version="1.0" encoding="UTF-8"?>
<!-- Generated by org.testng.reporters.JUnitReportReporter -->
<testsuite skipped="0" hostname="DESKTOP-P9O646S" name="testngdemo.NewTest1" tests="6" failures="0" timestamp="04 Jan 2019 07:28:08 GMT" time="0.068" errors="0">
  <testcase name="testMethod6" time="0.011" classname="testngdemo.NewTest1"/>
  <testcase name="testMethod4" time="0.006" classname="testngdemo.NewTest1"/>
  <testcase name="testMethod3" time="0.006" classname="testngdemo.NewTest1"/>
  <testcase name="testMethod5" time="0.005" classname="testngdemo.NewTest1"/>
  <testcase name="testMethod5" time="0.007" classname="testngdemo.NewTest1"/>
  <testcase name="testMethod4" time="0.033" classname="testngdemo.NewTest1"/>
</testsuite> <!-- testngdemo.NewTest1 -->
