<?xml version="1.0" encoding="UTF-8"?>
<!-- Generated by org.testng.reporters.JUnitReportReporter -->
<testsuite skipped="0" hostname="DESKTOP-P9O646S" name="testngdemo.ExpediaSrchPageTestng" tests="4" failures="0" timestamp="05 Jan 2019 08:52:29 GMT" time="199.834" errors="0">
  <testcase name="test" time="46.578" classname="testngdemo.ExpediaSrchPageTestng"/>
  <testcase name="test" time="53.485" classname="testngdemo.ExpediaSrchPageTestng"/>
  <testcase name="test" time="49.448" classname="testngdemo.ExpediaSrchPageTestng"/>
  <testcase name="test" time="50.323" classname="testngdemo.ExpediaSrchPageTestng"/>
</testsuite> <!-- testngdemo.ExpediaSrchPageTestng -->
